2025-10-21T04:51:23: 
> pype_voice_analytics_dashboard@0.1.0 start
> next start

2025-10-21T04:51:24: 2025-10-21T04:51:24: 
> pype_voice_analytics_dashboard@0.1.0 start
> next start

2025-10-21T04:51:25: 2025-10-21T04:51:25: 
> pype_voice_analytics_dashboard@0.1.0 start
> next start

2025-10-21T04:51:26: 2025-10-21T04:51:26: 
> pype_voice_analytics_dashboard@0.1.0 start
> next start

2025-10-21T04:51:27: 2025-10-21T04:51:27: 
> pype_voice_analytics_dashboard@0.1.0 start
> next start

2025-10-21T04:51:28: 2025-10-21T04:51:28: 
> pype_voice_analytics_dashboard@0.1.0 start
> next start

2025-10-21T04:51:29: 2025-10-21T04:51:29: 
> pype_voice_analytics_dashboard@0.1.0 start
> next start

2025-10-21T04:51:29: 2025-10-21T04:51:30: 
> pype_voice_analytics_dashboard@0.1.0 start
> next start

2025-10-21T04:51:30: 2025-10-21T04:51:30: 
> pype_voice_analytics_dashboard@0.1.0 start
> next start

2025-10-21T04:51:31: 2025-10-21T04:51:31: 
> pype_voice_analytics_dashboard@0.1.0 start
> next start

2025-10-21T04:51:32: 2025-10-21T04:51:32: 2025-10-21T04:51:32: 
> pype_voice_analytics_dashboard@0.1.0 start
> next start

2025-10-21T04:51:32: 2025-10-21T04:51:33: 
> pype_voice_analytics_dashboard@0.1.0 start
> next start

2025-10-21T04:51:33: 2025-10-21T04:51:34: 
> pype_voice_analytics_dashboard@0.1.0 start
> next start

2025-10-21T04:51:34: 2025-10-21T04:51:34: 
> pype_voice_analytics_dashboard@0.1.0 start
> next start

2025-10-21T04:51:35: 2025-10-21T04:51:35: 2025-10-21T04:51:35: 
> pype_voice_analytics_dashboard@0.1.0 start
> next start

2025-10-21T04:51:36: 2025-10-21T04:51:36: 
> pype_voice_analytics_dashboard@0.1.0 start
> next start

2025-10-21T04:51:37: 2025-10-21T04:51:37: 
> pype_voice_analytics_dashboard@0.1.0 start
> next start

2025-10-21T04:51:37: 2025-10-21T04:51:37: 2025-10-21T04:51:38: 
> pype_voice_analytics_dashboard@0.1.0 start
> next start

2025-10-21T04:51:38: 2025-10-21T12:39:42: 
> pype_voice_analytics_dashboard@0.1.0 start
> next start

2025-10-21T12:39:43: 2025-10-21T12:39:43: 
> pype_voice_analytics_dashboard@0.1.0 start
> next start

2025-10-21T12:39:44: 2025-10-21T12:39:44: 
> pype_voice_analytics_dashboard@0.1.0 start
> next start

2025-10-21T12:39:45: 2025-10-21T12:39:45: 
> pype_voice_analytics_dashboard@0.1.0 start
> next start

2025-10-21T12:39:46: 2025-10-21T12:39:46: 
> pype_voice_analytics_dashboard@0.1.0 start
> next start

2025-10-21T12:39:47: 2025-10-21T12:39:48: 
> pype_voice_analytics_dashboard@0.1.0 start
> next start

2025-10-21T12:39:48: 2025-10-21T12:39:48: 
> pype_voice_analytics_dashboard@0.1.0 start
> next start

2025-10-21T12:39:49: 2025-10-21T12:39:50: 
> pype_voice_analytics_dashboard@0.1.0 start
> next start

2025-10-21T12:39:50: 2025-10-21T12:39:51: 
> pype_voice_analytics_dashboard@0.1.0 start
> next start

2025-10-21T12:39:51: 2025-10-21T12:39:52: 
> pype_voice_analytics_dashboard@0.1.0 start
> next start

2025-10-21T12:39:53: 2025-10-21T12:39:53: 
> pype_voice_analytics_dashboard@0.1.0 start
> next start

2025-10-21T12:39:54: 2025-10-21T12:39:54: 
> pype_voice_analytics_dashboard@0.1.0 start
> next start

2025-10-21T12:39:55: 2025-10-21T12:39:56: 
> pype_voice_analytics_dashboard@0.1.0 start
> next start

2025-10-21T12:39:56: 2025-10-21T12:39:57: 
> pype_voice_analytics_dashboard@0.1.0 start
> next start

2025-10-21T12:39:57: 2025-10-21T12:39:58: 
> pype_voice_analytics_dashboard@0.1.0 start
> next start

2025-10-21T12:39:58: 2025-10-21T12:39:59: 
> pype_voice_analytics_dashboard@0.1.0 start
> next start

2025-10-21T12:39:59: 2025-10-21T12:40:00: 
> pype_voice_analytics_dashboard@0.1.0 start
> next start

2025-10-21T12:40:01: 2025-10-21T12:40:02: 
> pype_voice_analytics_dashboard@0.1.0 start
> next start

2025-10-21T12:40:03: 2025-10-21T12:40:03: 
> pype_voice_analytics_dashboard@0.1.0 start
> next start

2025-10-21T12:40:04: 2025-10-21T12:40:04: 
> pype_voice_analytics_dashboard@0.1.0 start
> next start

2025-10-21T12:40:05: 2025-10-21T12:40:05: 2025-10-21T12:40:06: 
> pype_voice_analytics_dashboard@0.1.0 start
> next start

2025-10-21T12:40:06: 2025-10-21T12:40:07: 
> pype_voice_analytics_dashboard@0.1.0 start
> next start

2025-10-21T12:40:08: 2025-10-21T12:40:08: 
> pype_voice_analytics_dashboard@0.1.0 start
> next start

2025-10-21T12:40:09: 2025-10-21T12:40:10: 
> pype_voice_analytics_dashboard@0.1.0 start
> next start

2025-10-21T12:40:11: 2025-10-21T12:40:11: 
> pype_voice_analytics_dashboard@0.1.0 start
> next start

2025-10-21T12:40:12: 2025-10-21T12:40:12: 
> pype_voice_analytics_dashboard@0.1.0 start
> next start

2025-10-21T12:40:13: 2025-10-21T12:40:13: 
> pype_voice_analytics_dashboard@0.1.0 start
> next start

2025-10-21T12:40:14: 2025-10-21T12:40:15: 
> pype_voice_analytics_dashboard@0.1.0 start
> next start

2025-10-21T12:40:15: 2025-10-21T12:40:16: 
> pype_voice_analytics_dashboard@0.1.0 start
> next start

2025-10-21T12:40:17: 2025-10-21T12:40:17: 
> pype_voice_analytics_dashboard@0.1.0 start
> next start

2025-10-21T12:40:19: 2025-10-21T12:40:19: 
> pype_voice_analytics_dashboard@0.1.0 start
> next start

2025-10-21T12:40:20: 2025-10-21T12:40:20: 
> pype_voice_analytics_dashboard@0.1.0 start
> next start

2025-10-21T12:40:21: 2025-10-21T12:40:22: 
> pype_voice_analytics_dashboard@0.1.0 start
> next start

2025-10-21T12:40:23: 2025-10-21T12:40:23: 
> pype_voice_analytics_dashboard@0.1.0 start
> next start

2025-10-21T12:40:24: 2025-10-21T12:40:25: 
> pype_voice_analytics_dashboard@0.1.0 start
> next start

2025-10-21T12:40:25: 2025-10-21T12:40:26: 
> pype_voice_analytics_dashboard@0.1.0 start
> next start

2025-10-21T12:40:26: 2025-10-21T12:40:26: 2025-10-21T12:40:27: 
> pype_voice_analytics_dashboard@0.1.0 start
> next start

2025-10-21T12:40:28: 2025-10-21T12:40:28: 
> pype_voice_analytics_dashboard@0.1.0 start
> next start

2025-10-21T12:40:29: 2025-10-21T12:40:30: 
> pype_voice_analytics_dashboard@0.1.0 start
> next start

2025-10-21T12:40:30: 2025-10-21T12:40:31: 
> pype_voice_analytics_dashboard@0.1.0 start
> next start

2025-10-21T12:40:32: 2025-10-21T12:40:32: 
> pype_voice_analytics_dashboard@0.1.0 start
> next start

2025-10-21T12:40:33: 2025-10-21T12:40:33: 
> pype_voice_analytics_dashboard@0.1.0 start
> next start

2025-10-21T12:40:34: 2025-10-21T12:40:34: 
> pype_voice_analytics_dashboard@0.1.0 start
> next start

2025-10-21T12:40:35: 2025-10-21T12:40:35: 2025-10-21T12:40:36: 
> pype_voice_analytics_dashboard@0.1.0 start
> next start

2025-10-21T12:40:36: 2025-10-21T12:40:37: 
> pype_voice_analytics_dashboard@0.1.0 start
> next start

2025-10-21T12:40:38: 2025-10-21T12:40:39: 
> pype_voice_analytics_dashboard@0.1.0 start
> next start

2025-10-21T12:40:39: 2025-10-21T12:40:40: 
> pype_voice_analytics_dashboard@0.1.0 start
> next start

2025-10-21T12:40:40: 2025-10-21T12:40:41: 
> pype_voice_analytics_dashboard@0.1.0 start
> next start

2025-10-21T12:40:42: 2025-10-21T12:40:43: 
> pype_voice_analytics_dashboard@0.1.0 start
> next start

2025-10-21T12:40:44: 2025-10-21T12:40:45: 
> pype_voice_analytics_dashboard@0.1.0 start
> next start

2025-10-21T12:40:45: 2025-10-21T12:40:46: 
> pype_voice_analytics_dashboard@0.1.0 start
> next start

2025-10-21T12:40:48: 2025-10-21T12:40:49: 
> pype_voice_analytics_dashboard@0.1.0 start
> next start

2025-10-21T12:40:50: 2025-10-21T12:40:50: 
> pype_voice_analytics_dashboard@0.1.0 start
> next start

2025-10-21T12:40:51: 2025-10-21T12:40:52: 
> pype_voice_analytics_dashboard@0.1.0 start
> next start

2025-10-21T12:40:53: 2025-10-21T12:40:53: 
> pype_voice_analytics_dashboard@0.1.0 start
> next start

2025-10-21T12:40:54: 2025-10-21T12:40:55: 
> pype_voice_analytics_dashboard@0.1.0 start
> next start

2025-10-21T12:40:56: 2025-10-21T12:40:57: 
> pype_voice_analytics_dashboard@0.1.0 start
> next start

2025-10-21T12:40:58: 2025-10-21T12:40:58: 
> pype_voice_analytics_dashboard@0.1.0 start
> next start

2025-10-21T12:40:59: 2025-10-21T12:40:59: 
> pype_voice_analytics_dashboard@0.1.0 start
> next start

2025-10-21T12:41:01: 2025-10-21T12:41:01: 
> pype_voice_analytics_dashboard@0.1.0 start
> next start

2025-10-21T12:41:03: 2025-10-21T12:41:04: 
> pype_voice_analytics_dashboard@0.1.0 start
> next start

2025-10-21T12:41:04: 2025-10-21T12:41:05: 
> pype_voice_analytics_dashboard@0.1.0 start
> next start

2025-10-21T12:41:06: 2025-10-21T12:41:06: 
> pype_voice_analytics_dashboard@0.1.0 start
> next start

2025-10-21T12:41:07: 2025-10-21T12:41:08: 
> pype_voice_analytics_dashboard@0.1.0 start
> next start

2025-10-21T12:41:08: 2025-10-21T12:41:09: 
> pype_voice_analytics_dashboard@0.1.0 start
> next start

2025-10-21T12:41:10: 2025-10-21T12:41:11: 
> pype_voice_analytics_dashboard@0.1.0 start
> next start

2025-10-21T12:41:12: 2025-10-21T12:41:13: 
> pype_voice_analytics_dashboard@0.1.0 start
> next start

2025-10-21T12:41:14: 2025-10-21T12:41:14: 
> pype_voice_analytics_dashboard@0.1.0 start
> next start

2025-10-21T12:41:15: 2025-10-21T12:41:16: 
> pype_voice_analytics_dashboard@0.1.0 start
> next start

2025-10-21T12:41:16: 2025-10-21T12:41:17: 
> pype_voice_analytics_dashboard@0.1.0 start
> next start

2025-10-21T12:41:18: 2025-10-21T12:41:18: 
> pype_voice_analytics_dashboard@0.1.0 start
> next start

2025-10-21T12:41:20: 2025-10-21T12:41:20: 
> pype_voice_analytics_dashboard@0.1.0 start
> next start

2025-10-21T12:41:22: 2025-10-21T12:41:22: 
> pype_voice_analytics_dashboard@0.1.0 start
> next start

2025-10-21T12:41:23: 2025-10-21T12:41:24: 
> pype_voice_analytics_dashboard@0.1.0 start
> next start

2025-10-21T12:41:25: 2025-10-21T12:41:25: 
> pype_voice_analytics_dashboard@0.1.0 start
> next start

2025-10-21T12:41:26: 2025-10-21T12:41:27: 
> pype_voice_analytics_dashboard@0.1.0 start
> next start

2025-10-21T12:41:29: 2025-10-21T12:41:29: 
> pype_voice_analytics_dashboard@0.1.0 start
> next start

2025-10-21T12:41:30: 2025-10-21T12:41:31: 
> pype_voice_analytics_dashboard@0.1.0 start
> next start

2025-10-21T12:41:32: 2025-10-21T12:41:32: 
> pype_voice_analytics_dashboard@0.1.0 start
> next start

2025-10-21T12:41:33: 2025-10-21T12:41:33: 
> pype_voice_analytics_dashboard@0.1.0 start
> next start

2025-10-21T12:41:34: 2025-10-21T12:41:35: 
> pype_voice_analytics_dashboard@0.1.0 start
> next start

2025-10-21T12:41:36: 2025-10-21T12:41:37: 
> pype_voice_analytics_dashboard@0.1.0 start
> next start

2025-10-21T12:41:38: 2025-10-21T12:41:38: 
> pype_voice_analytics_dashboard@0.1.0 start
> next start

2025-10-21T12:41:39: 2025-10-21T12:41:40: 
> pype_voice_analytics_dashboard@0.1.0 start
> next start

2025-10-21T12:41:40: 2025-10-21T12:41:41: 
> pype_voice_analytics_dashboard@0.1.0 start
> next start

2025-10-21T12:41:42: 2025-10-21T12:41:43: 
> pype_voice_analytics_dashboard@0.1.0 start
> next start

2025-10-21T12:41:44: 2025-10-21T12:41:44: 
> pype_voice_analytics_dashboard@0.1.0 start
> next start

2025-10-21T12:41:46: 2025-10-21T12:41:46: 
> pype_voice_analytics_dashboard@0.1.0 start
> next start

2025-10-21T12:41:47: 2025-10-21T12:41:48: 
> pype_voice_analytics_dashboard@0.1.0 start
> next start

2025-10-21T12:41:48: 2025-10-21T12:41:49: 
> pype_voice_analytics_dashboard@0.1.0 start
> next start

2025-10-21T12:41:50: 2025-10-21T12:41:51: 
> pype_voice_analytics_dashboard@0.1.0 start
> next start

2025-10-21T12:41:52: 2025-10-21T12:41:53: 
> pype_voice_analytics_dashboard@0.1.0 start
> next start

2025-10-21T12:41:54: 2025-10-21T12:41:55: 
> pype_voice_analytics_dashboard@0.1.0 start
> next start

2025-10-21T12:41:55: 2025-10-21T12:41:56: 
> pype_voice_analytics_dashboard@0.1.0 start
> next start

2025-10-21T12:41:57: 2025-10-21T12:41:57: 
> pype_voice_analytics_dashboard@0.1.0 start
> next start

2025-10-21T12:41:58: 2025-10-21T12:41:59: 
> pype_voice_analytics_dashboard@0.1.0 start
> next start

2025-10-21T12:42:00: 2025-10-21T12:42:01: 
> pype_voice_analytics_dashboard@0.1.0 start
> next start

2025-10-21T12:42:02: 2025-10-21T12:42:03: 
> pype_voice_analytics_dashboard@0.1.0 start
> next start

2025-10-21T12:42:04: 2025-10-21T12:42:05: 
> pype_voice_analytics_dashboard@0.1.0 start
> next start

2025-10-21T12:42:06: 2025-10-21T12:42:07: 
> pype_voice_analytics_dashboard@0.1.0 start
> next start

2025-10-21T12:42:08: 2025-10-21T12:42:08: 
> pype_voice_analytics_dashboard@0.1.0 start
> next start

2025-10-21T12:42:10: 2025-10-21T12:42:10: 
> pype_voice_analytics_dashboard@0.1.0 start
> next start

2025-10-21T12:42:11: 2025-10-21T12:42:12: 
> pype_voice_analytics_dashboard@0.1.0 start
> next start

2025-10-21T12:42:12: 2025-10-21T12:42:13: 
> pype_voice_analytics_dashboard@0.1.0 start
> next start

2025-10-21T12:42:14: 2025-10-21T12:42:15: 
> pype_voice_analytics_dashboard@0.1.0 start
> next start

2025-10-21T12:42:16: 2025-10-21T12:42:17: 
> pype_voice_analytics_dashboard@0.1.0 start
> next start

2025-10-21T12:42:19: 2025-10-21T12:42:20: 
> pype_voice_analytics_dashboard@0.1.0 start
> next start

2025-10-21T12:42:21: 2025-10-21T12:42:21: 
> pype_voice_analytics_dashboard@0.1.0 start
> next start

2025-10-21T12:42:23: 2025-10-21T12:42:23: 
> pype_voice_analytics_dashboard@0.1.0 start
> next start

2025-10-21T12:42:25: 2025-10-21T12:42:26: 
> pype_voice_analytics_dashboard@0.1.0 start
> next start

2025-10-21T12:42:28: 2025-10-21T12:42:28: 
> pype_voice_analytics_dashboard@0.1.0 start
> next start

2025-10-21T12:42:29: 2025-10-21T12:42:30: 
> pype_voice_analytics_dashboard@0.1.0 start
> next start

2025-10-21T12:42:31: 2025-10-21T12:42:32: 
> pype_voice_analytics_dashboard@0.1.0 start
> next start

2025-10-21T12:42:33: 2025-10-21T12:42:34: 
> pype_voice_analytics_dashboard@0.1.0 start
> next start

2025-10-21T12:42:35: 2025-10-21T12:42:36: 
> pype_voice_analytics_dashboard@0.1.0 start
> next start

2025-10-21T12:42:36: 2025-10-21T12:42:37: 
> pype_voice_analytics_dashboard@0.1.0 start
> next start

2025-10-21T12:42:38: 2025-10-21T12:42:38: 
> pype_voice_analytics_dashboard@0.1.0 start
> next start

2025-10-21T12:42:40: 2025-10-21T12:42:41: 
> pype_voice_analytics_dashboard@0.1.0 start
> next start

2025-10-21T12:42:42: 2025-10-21T12:42:42: 
> pype_voice_analytics_dashboard@0.1.0 start
> next start

2025-10-21T12:42:44: 2025-10-21T12:42:45: 
> pype_voice_analytics_dashboard@0.1.0 start
> next start

2025-10-21T12:42:46: 2025-10-21T12:42:46: 
> pype_voice_analytics_dashboard@0.1.0 start
> next start

2025-10-21T12:42:47: 2025-10-21T12:42:48: 
> pype_voice_analytics_dashboard@0.1.0 start
> next start

2025-10-21T12:42:49: 2025-10-21T12:42:49: 
> pype_voice_analytics_dashboard@0.1.0 start
> next start

2025-10-21T12:42:50: 2025-10-21T12:42:51: 
> pype_voice_analytics_dashboard@0.1.0 start
> next start

2025-10-21T12:42:52: 2025-10-21T12:42:53: 
> pype_voice_analytics_dashboard@0.1.0 start
> next start

2025-10-21T12:42:53: 2025-10-21T12:42:54: 
> pype_voice_analytics_dashboard@0.1.0 start
> next start

2025-10-21T12:42:55: 2025-10-21T12:42:55: 
> pype_voice_analytics_dashboard@0.1.0 start
> next start

2025-10-21T12:42:56: 2025-10-21T12:42:57: 
> pype_voice_analytics_dashboard@0.1.0 start
> next start

2025-10-21T12:42:58: 2025-10-21T12:42:59: 
> pype_voice_analytics_dashboard@0.1.0 start
> next start

2025-10-21T12:43:00: 2025-10-21T12:43:00: 
> pype_voice_analytics_dashboard@0.1.0 start
> next start

2025-10-21T12:43:01: 2025-10-21T12:43:02: 
> pype_voice_analytics_dashboard@0.1.0 start
> next start

2025-10-21T12:43:03: 2025-10-21T12:43:04: 
> pype_voice_analytics_dashboard@0.1.0 start
> next start

2025-10-21T12:43:05: 2025-10-21T12:43:06: 
> pype_voice_analytics_dashboard@0.1.0 start
> next start

2025-10-21T12:43:07: 2025-10-21T12:43:08: 
> pype_voice_analytics_dashboard@0.1.0 start
> next start

2025-10-21T12:43:09: 2025-10-21T12:43:09: 
> pype_voice_analytics_dashboard@0.1.0 start
> next start

2025-10-21T12:43:10: 2025-10-21T12:43:11: 
> pype_voice_analytics_dashboard@0.1.0 start
> next start

2025-10-21T12:43:12: 2025-10-21T12:43:13: 
> pype_voice_analytics_dashboard@0.1.0 start
> next start

2025-10-21T12:43:14: 2025-10-21T12:43:14: 
> pype_voice_analytics_dashboard@0.1.0 start
> next start

2025-10-21T12:43:15: 2025-10-21T12:43:15: 
> pype_voice_analytics_dashboard@0.1.0 start
> next start

2025-10-21T12:43:16: 2025-10-21T12:43:17: 
> pype_voice_analytics_dashboard@0.1.0 start
> next start

2025-10-21T12:43:17: 2025-10-21T12:43:18: 
> pype_voice_analytics_dashboard@0.1.0 start
> next start

2025-10-21T12:43:19: 2025-10-21T12:43:19: 
> pype_voice_analytics_dashboard@0.1.0 start
> next start

2025-10-21T12:43:20: 2025-10-21T12:43:21: 
> pype_voice_analytics_dashboard@0.1.0 start
> next start

2025-10-21T12:43:22: 2025-10-21T12:43:22: 
> pype_voice_analytics_dashboard@0.1.0 start
> next start

2025-10-21T12:43:23: 2025-10-21T12:43:24: 
> pype_voice_analytics_dashboard@0.1.0 start
> next start

2025-10-21T12:43:24: 2025-10-21T12:43:25: 
> pype_voice_analytics_dashboard@0.1.0 start
> next start

2025-10-21T12:43:26: 2025-10-21T12:43:26: 
> pype_voice_analytics_dashboard@0.1.0 start
> next start

2025-10-21T12:43:27: 2025-10-21T12:43:28: 
> pype_voice_analytics_dashboard@0.1.0 start
> next start

2025-10-21T12:43:28: 2025-10-21T12:43:29: 
> pype_voice_analytics_dashboard@0.1.0 start
> next start

2025-10-21T12:43:30: 2025-10-21T12:43:30: 
> pype_voice_analytics_dashboard@0.1.0 start
> next start

2025-10-21T12:43:31: 2025-10-21T12:43:32: 
> pype_voice_analytics_dashboard@0.1.0 start
> next start

2025-10-21T12:43:33: 2025-10-21T12:43:33: 
> pype_voice_analytics_dashboard@0.1.0 start
> next start

2025-10-21T12:43:34: 2025-10-21T12:43:35: 
> pype_voice_analytics_dashboard@0.1.0 start
> next start

2025-10-21T12:43:36: 2025-10-21T12:43:37: 
> pype_voice_analytics_dashboard@0.1.0 start
> next start

2025-10-21T12:43:37: 2025-10-21T12:43:38: 
> pype_voice_analytics_dashboard@0.1.0 start
> next start

2025-10-21T12:43:39: 2025-10-21T12:43:40: 
> pype_voice_analytics_dashboard@0.1.0 start
> next start

2025-10-21T12:43:40: 2025-10-21T12:43:41: 
> pype_voice_analytics_dashboard@0.1.0 start
> next start

2025-10-21T12:43:41: 2025-10-21T12:43:42: 
> pype_voice_analytics_dashboard@0.1.0 start
> next start

2025-10-21T12:43:44: 2025-10-21T12:43:45: 
> pype_voice_analytics_dashboard@0.1.0 start
> next start

2025-10-21T12:43:46: 2025-10-21T12:43:47: 
> pype_voice_analytics_dashboard@0.1.0 start
> next start

2025-10-21T12:43:48: 2025-10-21T12:43:48: 
> pype_voice_analytics_dashboard@0.1.0 start
> next start

2025-10-21T12:43:49: 2025-10-21T12:43:49: 
> pype_voice_analytics_dashboard@0.1.0 start
> next start

2025-10-21T12:43:50: 2025-10-21T12:43:50: 
> pype_voice_analytics_dashboard@0.1.0 start
> next start

2025-10-21T12:43:51: 2025-10-21T12:43:52: 
> pype_voice_analytics_dashboard@0.1.0 start
> next start

2025-10-21T12:43:53: 2025-10-21T12:43:54: 
> pype_voice_analytics_dashboard@0.1.0 start
> next start

2025-10-21T12:43:54: 2025-10-21T12:43:55: 
> pype_voice_analytics_dashboard@0.1.0 start
> next start

2025-10-21T12:43:56: 2025-10-21T12:43:57: 
> pype_voice_analytics_dashboard@0.1.0 start
> next start

2025-10-21T12:43:58: 2025-10-21T12:43:59: 
> pype_voice_analytics_dashboard@0.1.0 start
> next start

2025-10-21T12:44:00: 2025-10-21T12:44:00: 2025-10-21T12:44:00: 
> pype_voice_analytics_dashboard@0.1.0 start
> next start

2025-10-21T12:44:01: 2025-10-21T12:44:01: 
> pype_voice_analytics_dashboard@0.1.0 start
> next start

2025-10-21T12:44:03: 2025-10-21T12:44:03: 
> pype_voice_analytics_dashboard@0.1.0 start
> next start

2025-10-21T12:44:04: 2025-10-21T12:44:04: 
> pype_voice_analytics_dashboard@0.1.0 start
> next start

2025-10-21T12:44:05: 2025-10-21T12:44:06: 
> pype_voice_analytics_dashboard@0.1.0 start
> next start

2025-10-21T12:44:06: 2025-10-21T12:44:07: 
> pype_voice_analytics_dashboard@0.1.0 start
> next start

2025-10-21T12:44:08: 2025-10-21T12:44:09: 
> pype_voice_analytics_dashboard@0.1.0 start
> next start

2025-10-21T12:44:10: 2025-10-21T12:44:10: 
> pype_voice_analytics_dashboard@0.1.0 start
> next start

2025-10-21T12:44:11: 2025-10-21T12:44:12: 
> pype_voice_analytics_dashboard@0.1.0 start
> next start

2025-10-21T12:44:13: 2025-10-21T12:44:13: 
> pype_voice_analytics_dashboard@0.1.0 start
> next start

2025-10-21T12:44:14: 2025-10-21T12:44:15: 
> pype_voice_analytics_dashboard@0.1.0 start
> next start

2025-10-21T12:44:16: 2025-10-21T12:44:16: 
> pype_voice_analytics_dashboard@0.1.0 start
> next start

2025-10-21T12:44:17: 2025-10-21T12:44:17: 
> pype_voice_analytics_dashboard@0.1.0 start
> next start

2025-10-21T12:44:18: 2025-10-21T12:44:19: 
> pype_voice_analytics_dashboard@0.1.0 start
> next start

2025-10-21T12:44:19: 2025-10-21T12:44:20: 
> pype_voice_analytics_dashboard@0.1.0 start
> next start

2025-10-21T12:44:21: 2025-10-21T12:44:22: 
> pype_voice_analytics_dashboard@0.1.0 start
> next start

2025-10-21T12:44:23: 2025-10-21T12:44:24: 
> pype_voice_analytics_dashboard@0.1.0 start
> next start

2025-10-21T12:44:25: 2025-10-21T12:44:25: 
> pype_voice_analytics_dashboard@0.1.0 start
> next start

2025-10-21T12:44:26: 2025-10-21T12:44:27: 
> pype_voice_analytics_dashboard@0.1.0 start
> next start

2025-10-21T12:44:27: 2025-10-21T12:44:28: 
> pype_voice_analytics_dashboard@0.1.0 start
> next start

2025-10-21T12:44:29: 2025-10-21T12:44:30: 
> pype_voice_analytics_dashboard@0.1.0 start
> next start

2025-10-21T12:44:31: 2025-10-21T12:44:32: 
> pype_voice_analytics_dashboard@0.1.0 start
> next start

2025-10-21T12:44:32: 2025-10-21T12:44:33: 
> pype_voice_analytics_dashboard@0.1.0 start
> next start

2025-10-21T12:44:34: 2025-10-21T12:44:34: 
> pype_voice_analytics_dashboard@0.1.0 start
> next start

2025-10-21T12:44:36: 2025-10-21T12:44:36: 
> pype_voice_analytics_dashboard@0.1.0 start
> next start

2025-10-21T12:44:37: 2025-10-21T12:44:38: 
> pype_voice_analytics_dashboard@0.1.0 start
> next start

2025-10-21T12:44:39: 2025-10-21T12:44:39: 
> pype_voice_analytics_dashboard@0.1.0 start
> next start

2025-10-21T12:44:40: 2025-10-21T12:44:41: 
> pype_voice_analytics_dashboard@0.1.0 start
> next start

2025-10-21T12:44:42: 2025-10-21T12:44:42: 
> pype_voice_analytics_dashboard@0.1.0 start
> next start

2025-10-21T12:44:43: 2025-10-21T12:44:44: 
> pype_voice_analytics_dashboard@0.1.0 start
> next start

2025-10-21T12:44:45: 2025-10-21T12:44:46: 
> pype_voice_analytics_dashboard@0.1.0 start
> next start

2025-10-21T12:44:47: 2025-10-21T12:44:48: 
> pype_voice_analytics_dashboard@0.1.0 start
> next start

2025-10-21T12:44:48: 2025-10-21T12:44:49: 
> pype_voice_analytics_dashboard@0.1.0 start
> next start

2025-10-21T12:44:50: 2025-10-21T12:44:51: 
> pype_voice_analytics_dashboard@0.1.0 start
> next start

2025-10-21T12:44:51: 2025-10-21T12:44:52: 
> pype_voice_analytics_dashboard@0.1.0 start
> next start

2025-10-21T12:44:53: 2025-10-21T12:44:53: 
> pype_voice_analytics_dashboard@0.1.0 start
> next start

2025-10-21T12:44:54: 2025-10-21T12:44:54: 
> pype_voice_analytics_dashboard@0.1.0 start
> next start

2025-10-21T12:44:56: 2025-10-21T12:44:57: 
> pype_voice_analytics_dashboard@0.1.0 start
> next start

2025-10-21T12:44:58: 2025-10-21T12:44:59: 
> pype_voice_analytics_dashboard@0.1.0 start
> next start

2025-10-21T12:45:00: 2025-10-21T12:45:01: 
> pype_voice_analytics_dashboard@0.1.0 start
> next start

2025-10-21T12:45:02: 2025-10-21T12:45:02: 
> pype_voice_analytics_dashboard@0.1.0 start
> next start

2025-10-21T12:45:03: 2025-10-21T12:45:04: 
> pype_voice_analytics_dashboard@0.1.0 start
> next start

2025-10-21T12:45:04: 2025-10-21T12:45:05: 
> pype_voice_analytics_dashboard@0.1.0 start
> next start

2025-10-21T12:45:06: 2025-10-21T12:45:06: 
> pype_voice_analytics_dashboard@0.1.0 start
> next start

2025-10-21T12:45:07: 2025-10-21T12:45:07: 2025-10-21T12:45:08: 
> pype_voice_analytics_dashboard@0.1.0 start
> next start

2025-10-21T12:45:09: 2025-10-21T12:45:10: 
> pype_voice_analytics_dashboard@0.1.0 start
> next start

2025-10-21T12:45:11: 2025-10-21T12:45:11: 
> pype_voice_analytics_dashboard@0.1.0 start
> next start

2025-10-21T12:45:12: 2025-10-21T12:45:12: 
> pype_voice_analytics_dashboard@0.1.0 start
> next start

2025-10-21T12:45:14: 2025-10-21T12:45:14: 
> pype_voice_analytics_dashboard@0.1.0 start
> next start

2025-10-21T12:45:15: 2025-10-21T12:45:15: 
> pype_voice_analytics_dashboard@0.1.0 start
> next start

2025-10-21T12:45:16: 2025-10-21T12:45:16: 
> pype_voice_analytics_dashboard@0.1.0 start
> next start

2025-10-21T12:45:18: 2025-10-21T12:45:18: 
> pype_voice_analytics_dashboard@0.1.0 start
> next start

2025-10-21T12:45:19: 2025-10-21T12:45:20: 
> pype_voice_analytics_dashboard@0.1.0 start
> next start

2025-10-21T12:45:21: 2025-10-21T12:45:22: 
> pype_voice_analytics_dashboard@0.1.0 start
> next start

2025-10-21T12:45:24: 2025-10-21T12:45:24: 
> pype_voice_analytics_dashboard@0.1.0 start
> next start

2025-10-21T12:45:25: 2025-10-21T12:45:26: 
> pype_voice_analytics_dashboard@0.1.0 start
> next start

2025-10-21T12:45:27: 2025-10-21T12:45:27: 
> pype_voice_analytics_dashboard@0.1.0 start
> next start

2025-10-21T12:45:28: 2025-10-21T12:45:29: 
> pype_voice_analytics_dashboard@0.1.0 start
> next start

2025-10-21T12:45:30: 2025-10-21T12:45:30: 
> pype_voice_analytics_dashboard@0.1.0 start
> next start

2025-10-21T12:45:31: 2025-10-21T12:45:32: 
> pype_voice_analytics_dashboard@0.1.0 start
> next start

2025-10-21T12:45:32: 2025-10-21T12:45:33: 
> pype_voice_analytics_dashboard@0.1.0 start
> next start

2025-10-21T12:45:34: 2025-10-21T12:45:34: 
> pype_voice_analytics_dashboard@0.1.0 start
> next start

2025-10-21T12:45:36: 2025-10-21T12:45:36: 
> pype_voice_analytics_dashboard@0.1.0 start
> next start

2025-10-21T12:45:38: 2025-10-21T12:45:38: 
> pype_voice_analytics_dashboard@0.1.0 start
> next start

2025-10-21T12:45:40: 2025-10-21T12:45:40: 
> pype_voice_analytics_dashboard@0.1.0 start
> next start

2025-10-21T12:45:41: 2025-10-21T12:45:42: 
> pype_voice_analytics_dashboard@0.1.0 start
> next start

2025-10-21T12:45:43: 2025-10-21T12:45:43: 
> pype_voice_analytics_dashboard@0.1.0 start
> next start

2025-10-21T12:45:44: 2025-10-21T12:45:45: 
> pype_voice_analytics_dashboard@0.1.0 start
> next start

2025-10-21T12:45:46: 2025-10-21T12:45:46: 
> pype_voice_analytics_dashboard@0.1.0 start
> next start

2025-10-21T12:45:48: 2025-10-21T12:45:49: 
> pype_voice_analytics_dashboard@0.1.0 start
> next start

2025-10-21T12:45:50: 2025-10-21T12:45:50: 
> pype_voice_analytics_dashboard@0.1.0 start
> next start

2025-10-21T14:18:26: 
> pype_voice_analytics_dashboard@0.1.0 start
> next start

